mode: set
daily-tracker-calories/app/presenter/foods/handler.go:16.55,20.2 1 0
daily-tracker-calories/app/presenter/foods/handler.go:22.68,24.47 2 0
daily-tracker-calories/app/presenter/foods/handler.go:28.2,30.16 3 0
daily-tracker-calories/app/presenter/foods/handler.go:34.2,35.58 2 0
daily-tracker-calories/app/presenter/foods/handler.go:24.47,27.3 2 0
daily-tracker-calories/app/presenter/foods/handler.go:30.16,33.3 2 0
daily-tracker-calories/app/presenter/foods/handler.go:38.73,41.16 3 0
daily-tracker-calories/app/presenter/foods/handler.go:45.2,46.58 2 0
daily-tracker-calories/app/presenter/foods/handler.go:41.16,44.3 2 0
